{
  "RSpec": {
    "coverage": {
      "/home/samuka/Sam/SNFin/app/controllers/cartaos_controller.rb": {
        "lines": [
          1,
          1,
          null,
          1,
          1,
          null,
          null,
          1,
          null,
          null,
          1,
          1,
          null,
          null,
          1,
          2,
          2,
          1,
          null,
          1,
          null,
          null,
          null,
          1,
          null,
          null,
          1,
          2,
          1,
          null,
          1,
          null,
          null,
          null,
          1,
          1,
          1,
          null,
          null,
          1,
          null,
          1,
          5,
          null,
          null,
          1,
          4,
          null,
          null
        ]
      },
      "/home/samuka/Sam/SNFin/app/controllers/application_controller.rb": {
        "lines": [
          1,
          1,
          null,
          1,
          null,
          1,
          null,
          1,
          null,
          1,
          12,
          12,
          null,
          12,
          null,
          null
        ]
      },
      "/home/samuka/Sam/SNFin/app/controllers/concerns/trata_nulos.rb": {
        "lines": [
          1,
          1,
          null,
          1,
          null,
          1,
          0,
          null,
          null,
          1,
          1,
          null,
          null,
          1,
          0,
          null,
          null
        ]
      },
      "/home/samuka/Sam/SNFin/app/controllers/lancamentos_controller.rb": {
        "lines": [
          1,
          1,
          null,
          1,
          1,
          null,
          null,
          1,
          1,
          null,
          null,
          1,
          1,
          null,
          1,
          1,
          null,
          0,
          null,
          null,
          null,
          1,
          null,
          null,
          1,
          0,
          0,
          null,
          0,
          null,
          null,
          null,
          1,
          0,
          0,
          null,
          null,
          1,
          0,
          0,
          null,
          0,
          0,
          null,
          0,
          null,
          null,
          null,
          1,
          null,
          1,
          0,
          null,
          null,
          1,
          1,
          null,
          null
        ]
      },
      "/home/samuka/Sam/SNFin/app/models/cartao.rb": {
        "lines": [
          1,
          1,
          null,
          1,
          1,
          null
        ]
      },
      "/home/samuka/Sam/SNFin/app/models/application_record.rb": {
        "lines": [
          1,
          1,
          null
        ]
      },
      "/home/samuka/Sam/SNFin/app/models/competencia.rb": {
        "lines": [
          1,
          1,
          null,
          1,
          1,
          null,
          1,
          1,
          null,
          null,
          1,
          2,
          2,
          null,
          null,
          1,
          2,
          2,
          null,
          null,
          1,
          4,
          null,
          null,
          1,
          30,
          null,
          null,
          null,
          null,
          null,
          1,
          3,
          null,
          null,
          1,
          2,
          null,
          null,
          1,
          2,
          null,
          null,
          1,
          1,
          null,
          null,
          1,
          18,
          null,
          null,
          1,
          1,
          null,
          null,
          1,
          1,
          null,
          null,
          1,
          1,
          null,
          null,
          1,
          5,
          null,
          null,
          1,
          4,
          null,
          null
        ]
      },
      "/home/samuka/Sam/SNFin/app/models/lancamento.rb": {
        "lines": [
          1,
          1,
          1,
          null,
          1,
          1,
          null,
          1,
          1,
          null,
          1,
          null,
          null,
          null,
          null,
          null,
          1,
          null,
          null,
          1,
          1,
          null,
          1,
          null,
          1,
          28,
          null,
          28,
          null,
          null,
          1,
          27,
          null,
          null
        ]
      },
      "/home/samuka/Sam/SNFin/app/services/lancamento_import_service.rb": {
        "lines": [
          1,
          1,
          null,
          1,
          null,
          1,
          4,
          4,
          null,
          null,
          1,
          4,
          null,
          4,
          4,
          null,
          4,
          8,
          null,
          null,
          8,
          8,
          8,
          8,
          null,
          8,
          null,
          null,
          null,
          null,
          null,
          null,
          null,
          0,
          null,
          null,
          4,
          null,
          null,
          1,
          null,
          1,
          8,
          null,
          null,
          1,
          null,
          8,
          null,
          null
        ]
      },
      "/home/samuka/Sam/SNFin/app/models/fatura.rb": {
        "lines": [
          1,
          1,
          1,
          null,
          1,
          null
        ]
      },
      "/home/samuka/Sam/SNFin/app/services/lancamento_service.rb": {
        "lines": [
          1,
          1,
          28,
          null,
          null,
          1,
          28,
          null,
          9,
          9,
          null,
          null,
          null,
          1,
          null,
          1,
          null,
          1,
          9,
          9,
          null,
          9,
          36,
          36,
          null,
          null,
          null,
          1,
          null,
          36,
          null,
          null,
          null,
          8,
          8,
          8,
          null,
          null,
          null
        ]
      },
      "/home/samuka/Sam/SNFin/app/controllers/competencias_controller.rb": {
        "lines": [
          0,
          0,
          0,
          null,
          0,
          0,
          0
        ],
        "branches": {}
      },
      "/home/samuka/Sam/SNFin/app/helpers/application_helper.rb": {
        "lines": [
          0,
          0
        ],
        "branches": {}
      },
      "/home/samuka/Sam/SNFin/app/helpers/cartaos_helper.rb": {
        "lines": [
          0,
          0
        ],
        "branches": {}
      },
      "/home/samuka/Sam/SNFin/app/helpers/competencias_helper.rb": {
        "lines": [
          0,
          0
        ],
        "branches": {}
      },
      "/home/samuka/Sam/SNFin/app/helpers/lancamentos_helper.rb": {
        "lines": [
          0,
          0
        ],
        "branches": {}
      },
      "/home/samuka/Sam/SNFin/app/jobs/application_job.rb": {
        "lines": [
          0,
          null,
          null,
          null,
          null,
          null,
          0
        ],
        "branches": {}
      },
      "/home/samuka/Sam/SNFin/app/mailers/application_mailer.rb": {
        "lines": [
          0,
          0,
          0,
          0
        ],
        "branches": {}
      }
    },
    "timestamp": 1767380503
  }
}
